# JRE version: OpenJDK Runtime Environment (8.0_152-b02) (build 1.8.0_152-release-1024-b02)
# Java VM: OpenJDK 64-Bit Server VM (25.152-b02 mixed mode windows-amd64 compressed oops)
Heap:
 PSYoungGen      total 416768K, used 49898K [0x00000000e0000000, 0x0000000100000000, 0x0000000100000000)
  eden space 325632K, 0% used [0x00000000e0000000,0x00000000e0000000,0x00000000f3e00000)
  from space 91136K, 54% used [0x00000000f3e00000,0x00000000f6ebaa88,0x00000000f9700000)
  to   space 93696K, 0% used [0x00000000fa480000,0x00000000fa480000,0x0000000100000000)
 ParOldGen       total 577536K, used 517759K [0x00000000a0000000, 0x00000000c3400000, 0x00000000e0000000)
  object space 577536K, 89% used [0x00000000a0000000,0x00000000bf99fee8,0x00000000c3400000)
 Metaspace       used 111119K, capacity 118550K, committed 118872K, reserved 1153024K
  class space    used 13630K, capacity 15116K, committed 15232K, reserved 1048576K
GC Heap History (10 events):
Event: 26813.497 GC heap after
Heap after GC invocations=272 (full 19):
 PSYoungGen      total 316928K, used 96K [0x00000000e0000000, 0x00000000ff900000, 0x0000000100000000)
  eden space 316416K, 0% used [0x00000000e0000000,0x00000000e0000000,0x00000000f3500000)
  from space 512K, 18% used [0x00000000f3500000,0x00000000f3518000,0x00000000f3580000)
  to   space 100352K, 0% used [0x00000000f9700000,0x00000000f9700000,0x00000000ff900000)
 ParOldGen       total 577536K, used 466258K [0x00000000a0000000, 0x00000000c3400000, 0x00000000e0000000)
  object space 577536K, 80% used [0x00000000a0000000,0x00000000bc7549d0,0x00000000c3400000)
 Metaspace       used 98059K, capacity 104016K, committed 107096K, reserved 1142784K
  class space    used 11874K, capacity 13042K, committed 13696K, reserved 1048576K
}
Event: 28054.727 GC heap before
{Heap before GC invocations=273 (full 19):
 PSYoungGen      total 316928K, used 316512K [0x00000000e0000000, 0x00000000ff900000, 0x0000000100000000)
  eden space 316416K, 100% used [0x00000000e0000000,0x00000000f3500000,0x00000000f3500000)
  from space 512K, 18% used [0x00000000f3500000,0x00000000f3518000,0x00000000f3580000)
  to   space 100352K, 0% used [0x00000000f9700000,0x00000000f9700000,0x00000000ff900000)
 ParOldGen       total 577536K, used 466258K [0x00000000a0000000, 0x00000000c3400000, 0x00000000e0000000)
  object space 577536K, 80% used [0x00000000a0000000,0x00000000bc7549d0,0x00000000c3400000)
 Metaspace       used 98257K, capacity 104490K, committed 107096K, reserved 1142784K
  class space    used 11907K, capacity 13169K, committed 13696K, reserved 1048576K
Event: 28054.740 GC heap after
Heap after GC invocations=273 (full 19):
 PSYoungGen      total 420352K, used 3530K [0x00000000e0000000, 0x0000000100000000, 0x0000000100000000)
  eden space 320000K, 0% used [0x00000000e0000000,0x00000000e0000000,0x00000000f3880000)
  from space 100352K, 3% used [0x00000000f9700000,0x00000000f9a72ad8,0x00000000ff900000)
  to   space 96768K, 0% used [0x00000000f3880000,0x00000000f3880000,0x00000000f9700000)
 ParOldGen       total 577536K, used 466282K [0x00000000a0000000, 0x00000000c3400000, 0x00000000e0000000)
  object space 577536K, 80% used [0x00000000a0000000,0x00000000bc75a9d0,0x00000000c3400000)
 Metaspace       used 98257K, capacity 104490K, committed 107096K, reserved 1142784K
  class space    used 11907K, capacity 13169K, committed 13696K, reserved 1048576K
}
Event: 28060.635 GC heap before
{Heap before GC invocations=274 (full 19):
 PSYoungGen      total 420352K, used 323530K [0x00000000e0000000, 0x0000000100000000, 0x0000000100000000)
  eden space 320000K, 100% used [0x00000000e0000000,0x00000000f3880000,0x00000000f3880000)
  from space 100352K, 3% used [0x00000000f9700000,0x00000000f9a72ad8,0x00000000ff900000)
  to   space 96768K, 0% used [0x00000000f3880000,0x00000000f3880000,0x00000000f9700000)
 ParOldGen       total 577536K, used 466282K [0x00000000a0000000, 0x00000000c3400000, 0x00000000e0000000)
  object space 577536K, 80% used [0x00000000a0000000,0x00000000bc75a9d0,0x00000000c3400000)
 Metaspace       used 107813K, capacity 114868K, committed 115032K, reserved 1148928K
  class space    used 13229K, capacity 14629K, committed 14720K, reserved 1048576K
Event: 28060.671 GC heap after
Heap after GC invocations=274 (full 19):
 PSYoungGen      total 416768K, used 22884K [0x00000000e0000000, 0x00000000fee80000, 0x0000000100000000)
  eden space 320000K, 0% used [0x00000000e0000000,0x00000000e0000000,0x00000000f3880000)
  from space 96768K, 23% used [0x00000000f3880000,0x00000000f4ed9230,0x00000000f9700000)
  to   space 89600K, 0% used [0x00000000f9700000,0x00000000f9700000,0x00000000fee80000)
 ParOldGen       total 577536K, used 469368K [0x00000000a0000000, 0x00000000c3400000, 0x00000000e0000000)
  object space 577536K, 81% used [0x00000000a0000000,0x00000000bca5e1f0,0x00000000c3400000)
 Metaspace       used 107813K, capacity 114868K, committed 115032K, reserved 1148928K
  class space    used 13229K, capacity 14629K, committed 14720K, reserved 1048576K
}
Event: 28075.398 GC heap before
{Heap before GC invocations=275 (full 19):
 PSYoungGen      total 416768K, used 342884K [0x00000000e0000000, 0x00000000fee80000, 0x0000000100000000)
  eden space 320000K, 100% used [0x00000000e0000000,0x00000000f3880000,0x00000000f3880000)
  from space 96768K, 23% used [0x00000000f3880000,0x00000000f4ed9230,0x00000000f9700000)
  to   space 89600K, 0% used [0x00000000f9700000,0x00000000f9700000,0x00000000fee80000)
 ParOldGen       total 577536K, used 469368K [0x00000000a0000000, 0x00000000c3400000, 0x00000000e0000000)
  object space 577536K, 81% used [0x00000000a0000000,0x00000000bca5e1f0,0x00000000c3400000)
 Metaspace       used 110372K, capacity 117732K, committed 117976K, reserved 1153024K
  class space    used 13553K, capacity 15011K, committed 15104K, reserved 1048576K
Event: 28075.478 GC heap after
Heap after GC invocations=275 (full 19):
 PSYoungGen      total 415232K, used 45253K [0x00000000e0000000, 0x00000000ffc00000, 0x0000000100000000)
  eden space 325632K, 0% used [0x00000000e0000000,0x00000000e0000000,0x00000000f3e00000)
  from space 89600K, 50% used [0x00000000f9700000,0x00000000fc331540,0x00000000fee80000)
  to   space 91136K, 0% used [0x00000000f3e00000,0x00000000f3e00000,0x00000000f9700000)
 ParOldGen       total 577536K, used 479456K [0x00000000a0000000, 0x00000000c3400000, 0x00000000e0000000)
  object space 577536K, 83% used [0x00000000a0000000,0x00000000bd4381e0,0x00000000c3400000)
 Metaspace       used 110372K, capacity 117732K, committed 117976K, reserved 1153024K
  class space    used 13553K, capacity 15011K, committed 15104K, reserved 1048576K
}
Event: 28078.291 GC heap before
{Heap before GC invocations=276 (full 19):
 PSYoungGen      total 415232K, used 370885K [0x00000000e0000000, 0x00000000ffc00000, 0x0000000100000000)
  eden space 325632K, 100% used [0x00000000e0000000,0x00000000f3e00000,0x00000000f3e00000)
  from space 89600K, 50% used [0x00000000f9700000,0x00000000fc331540,0x00000000fee80000)
  to   space 91136K, 0% used [0x00000000f3e00000,0x00000000f3e00000,0x00000000f9700000)
 ParOldGen       total 577536K, used 479456K [0x00000000a0000000, 0x00000000c3400000, 0x00000000e0000000)
  object space 577536K, 83% used [0x00000000a0000000,0x00000000bd4381e0,0x00000000c3400000)
 Metaspace       used 111119K, capacity 118550K, committed 118872K, reserved 1153024K
  class space    used 13630K, capacity 15116K, committed 15232K, reserved 1048576K
Event: 28078.395 GC heap after
Heap after GC invocations=276 (full 19):
 PSYoungGen      total 416768K, used 49898K [0x00000000e0000000, 0x0000000100000000, 0x0000000100000000)
  eden space 325632K, 0% used [0x00000000e0000000,0x00000000e0000000,0x00000000f3e00000)
  from space 91136K, 54% used [0x00000000f3e00000,0x00000000f6ebaa88,0x00000000f9700000)
  to   space 93696K, 0% used [0x00000000fa480000,0x00000000fa480000,0x0000000100000000)
 ParOldGen       total 577536K, used 517759K [0x00000000a0000000, 0x00000000c3400000, 0x00000000e0000000)
  object space 577536K, 89% used [0x00000000a0000000,0x00000000bf99fee8,0x00000000c3400000)
 Metaspace       used 111119K, capacity 118550K, committed 118872K, reserved 1153024K
  class space    used 13630K, capacity 15116K, committed 15232K, reserved 1048576K
}
Event: 28078.395 GC heap before
{Heap before GC invocations=277 (full 20):
 PSYoungGen      total 416768K, used 49898K [0x00000000e0000000, 0x0000000100000000, 0x0000000100000000)
  eden space 325632K, 0% used [0x00000000e0000000,0x00000000e0000000,0x00000000f3e00000)
  from space 91136K, 54% used [0x00000000f3e00000,0x00000000f6ebaa88,0x00000000f9700000)
  to   space 93696K, 0% used [0x00000000fa480000,0x00000000fa480000,0x0000000100000000)
 ParOldGen       total 577536K, used 517759K [0x00000000a0000000, 0x00000000c3400000, 0x00000000e0000000)
  object space 577536K, 89% used [0x00000000a0000000,0x00000000bf99fee8,0x00000000c3400000)
 Metaspace       used 111119K, capacity 118550K, committed 118872K, reserved 1153024K
  class space    used 13630K, capacity 15116K, committed 15232K, reserved 1048576K

